<?xml version="1.0" encoding="UTF-8"?>
<!-- Generated by org.testng.reporters.JUnitXMLReporter -->
<testsuite ignored="0" hostname="DESKTOP-1MC1FL4" failures="3" tests="4" name="Test" time="31.417" errors="0" timestamp="2024-09-03T11:34:36 IST">
  <testcase classname="com.TestCases.BaseClass" name="capture" time="0.0">
    <failure type="org.testng.TestNGException" message="
Cannot inject @Test annotated Method [capture] with [interface org.openqa.selenium.WebDriver, class java.lang.String].
For more information on native dependency injection please refer to https://testng.org/doc/documentation-main.html#native-dependency-injection">
      <![CDATA[org.testng.TestNGException: 
Cannot inject @Test annotated Method [capture] with [interface org.openqa.selenium.WebDriver, class java.lang.String].
For more information on native dependency injection please refer to https://testng.org/doc/documentation-main.html#native-dependency-injection
at java.base/java.util.ArrayList.forEach(ArrayList.java:1511)
... Removed 26 stack frames]]>
    </failure>
  </testcase> <!-- capture -->
  <testcase classname="com.TestCases.TC_LoginTest_001" name="loginTest" time="4.189">
    <failure type="java.lang.AssertionError" message="expected [true] but found [false]">
      <![CDATA[java.lang.AssertionError: expected [true] but found [false]
at com.TestCases.TC_LoginTest_001.loginTest(TC_LoginTest_001.java:38)
at java.base/java.util.ArrayList.forEach(ArrayList.java:1511)
... Removed 31 stack frames]]>
    </failure>
  </testcase> <!-- loginTest -->
  <testcase classname="com.TestCases.BaseClass" name="capture" time="0.0">
    <failure type="org.testng.TestNGException" message="
Cannot inject @Test annotated Method [capture] with [interface org.openqa.selenium.WebDriver, class java.lang.String].
For more information on native dependency injection please refer to https://testng.org/doc/documentation-main.html#native-dependency-injection">
      <![CDATA[org.testng.TestNGException: 
Cannot inject @Test annotated Method [capture] with [interface org.openqa.selenium.WebDriver, class java.lang.String].
For more information on native dependency injection please refer to https://testng.org/doc/documentation-main.html#native-dependency-injection
at java.base/java.util.ArrayList.forEach(ArrayList.java:1511)
... Removed 26 stack frames]]>
    </failure>
  </testcase> <!-- capture -->
  <testcase classname="com.TestCases.TC_AddCustomerTest_003" name="TC_AddCustomerTest_003" time="19.862"/>
</testsuite> <!-- Test -->
